{
  "RSpec": {
    "coverage": {
      "/Users/igor/code/personal/interview/brivity/messenger/spec/features/homepage_feature_spec.rb": {
        "lines": [
          1,
          null,
          1,
          1,
          1,
          1,
          null,
          null
        ]
      },
      "/Users/igor/code/personal/interview/brivity/messenger/spec/features/post_feature_spec.rb": {
        "lines": [
          1,
          null,
          1,
          1,
          1,
          1,
          1,
          1,
          1,
          null,
          null,
          null,
          1,
          3,
          null,
          1,
          1,
          1,
          1,
          1,
          1,
          1,
          1,
          1,
          1,
          null,
          null,
          null,
          1,
          1,
          1,
          1,
          1,
          1,
          1,
          1,
          1,
          null,
          null,
          null,
          null,
          null,
          1,
          5,
          5,
          null,
          1,
          1,
          1,
          1,
          1,
          null,
          null,
          null,
          1,
          2,
          null,
          1,
          1,
          1,
          1,
          null,
          null,
          null,
          1,
          3,
          null,
          1,
          1,
          1,
          1,
          1,
          1,
          1,
          1,
          1,
          null,
          null,
          null,
          1,
          1,
          1,
          1,
          1,
          1,
          1,
          null,
          null,
          null,
          null,
          null,
          1,
          2,
          2,
          null,
          1,
          1,
          1,
          1,
          null,
          null,
          null,
          null,
          1,
          2,
          null,
          1,
          1,
          1,
          1,
          null,
          null,
          null
        ]
      },
      "/Users/igor/code/personal/interview/brivity/messenger/spec/models/comment_spec.rb": {
        "lines": [
          1,
          null,
          1,
          1,
          2,
          null,
          1,
          1,
          1,
          null,
          null,
          null,
          1,
          2,
          1,
          1,
          null,
          null,
          null,
          1,
          2,
          1,
          1,
          null,
          null,
          null
        ]
      },
      "/Users/igor/code/personal/interview/brivity/messenger/app/models/comment.rb": {
        "lines": [
          1,
          1,
          1,
          1,
          1,
          null
        ]
      },
      "/Users/igor/code/personal/interview/brivity/messenger/spec/models/post_spec.rb": {
        "lines": [
          1,
          null,
          1,
          1,
          3,
          null,
          1,
          1,
          1,
          null,
          null,
          1,
          1,
          1,
          null,
          null,
          1,
          2,
          null,
          null,
          null,
          1,
          2,
          null,
          1,
          1,
          null,
          null,
          null
        ]
      },
      "/Users/igor/code/personal/interview/brivity/messenger/app/models/post.rb": {
        "lines": [
          1,
          1,
          1,
          1,
          1,
          null
        ]
      },
      "/Users/igor/code/personal/interview/brivity/messenger/spec/models/user_spec.rb": {
        "lines": [
          1,
          null,
          1,
          1,
          4,
          null,
          1,
          1,
          1,
          null,
          null,
          1,
          1,
          1,
          null,
          null,
          1,
          1,
          1,
          null,
          null,
          null
        ]
      },
      "/Users/igor/code/personal/interview/brivity/messenger/spec/routing/posts_routing_spec.rb": {
        "lines": [
          1,
          null,
          1,
          1,
          1,
          1,
          null,
          null,
          1,
          1,
          null,
          null,
          1,
          1,
          null,
          null,
          1,
          1,
          null,
          null,
          null,
          1,
          1,
          null,
          null,
          1,
          1,
          null,
          null,
          1,
          1,
          null,
          null,
          1,
          1,
          null,
          null,
          null
        ]
      },
      "/Users/igor/code/personal/interview/brivity/messenger/app/controllers/posts_controller.rb": {
        "lines": [
          1,
          1,
          1,
          1,
          null,
          null,
          1,
          10,
          null,
          null,
          null,
          1,
          null,
          null,
          null,
          1,
          2,
          null,
          null,
          null,
          1,
          null,
          null,
          null,
          1,
          3,
          null,
          3,
          3,
          2,
          1,
          null,
          4,
          2,
          null,
          null,
          null,
          null,
          null,
          1,
          3,
          3,
          2,
          1,
          null,
          4,
          2,
          null,
          null,
          null,
          null,
          null,
          1,
          0,
          0,
          0,
          0,
          null,
          null,
          null,
          1,
          null,
          1,
          16,
          null,
          null,
          null,
          1,
          6,
          null,
          null,
          1,
          6,
          6,
          null,
          null
        ]
      },
      "/Users/igor/code/personal/interview/brivity/messenger/app/controllers/application_controller.rb": {
        "lines": [
          1,
          1,
          null,
          1,
          null,
          1,
          null,
          1,
          17,
          null,
          17,
          null,
          null
        ]
      },
      "/Users/igor/code/personal/interview/brivity/messenger/app/controllers/comments_controller.rb": {
        "lines": [
          1,
          1,
          null,
          1,
          0,
          null,
          null,
          1,
          2,
          2,
          1,
          null,
          1,
          null,
          null,
          2,
          1,
          null,
          1,
          null,
          null,
          null,
          1,
          2,
          2,
          2,
          null,
          null,
          1,
          null,
          1,
          2,
          null,
          null,
          1,
          4,
          null,
          null
        ]
      }
    },
    "timestamp": 1614894816
  }
}
